# JRE version: Java(TM) SE Runtime Environment (8.0_271-b09) (build 1.8.0_271-b09)
# Java VM: Java HotSpot(TM) 64-Bit Server VM (25.271-b09 mixed mode bsd-amd64 compressed oops)
Heap:
 PSYoungGen      total 595456K, used 54625K [0x000000076ab00000, 0x0000000791a00000, 0x00000007c0000000)
  eden space 587776K, 8% used [0x000000076ab00000,0x000000076d93ffd8,0x000000078e900000)
  from space 7680K, 94% used [0x0000000791280000,0x0000000791998440,0x0000000791a00000)
  to   space 24576K, 0% used [0x000000078ea00000,0x000000078ea00000,0x0000000790200000)
 ParOldGen       total 131584K, used 63338K [0x00000006c0000000, 0x00000006c8080000, 0x000000076ab00000)
  object space 131584K, 48% used [0x00000006c0000000,0x00000006c3ddaa98,0x00000006c8080000)
 Metaspace       used 56588K, capacity 59704K, committed 59904K, reserved 1101824K
  class space    used 7281K, capacity 7934K, committed 7936K, reserved 1048576K
GC Heap History (10 events):
Event: 7.767 GC heap before
{Heap before GC invocations=10 (full 2):
 PSYoungGen      total 183296K, used 176242K [0x000000076ab00000, 0x000000077f680000, 0x00000007c0000000)
  eden space 169984K, 100% used [0x000000076ab00000,0x0000000775100000,0x0000000775100000)
  from space 13312K, 47% used [0x0000000775100000,0x000000077571cba8,0x0000000775e00000)
  to   space 13312K, 0% used [0x000000077e980000,0x000000077e980000,0x000000077f680000)
 ParOldGen       total 131584K, used 15881K [0x00000006c0000000, 0x00000006c8080000, 0x000000076ab00000)
  object space 131584K, 12% used [0x00000006c0000000,0x00000006c0f82420,0x00000006c8080000)
 Metaspace       used 44364K, capacity 46002K, committed 46080K, reserved 1089536K
  class space    used 5776K, capacity 6122K, committed 6144K, reserved 1048576K
Event: 7.773 GC heap after
Heap after GC invocations=10 (full 2):
 PSYoungGen      total 315392K, used 8489K [0x000000076ab00000, 0x000000077f200000, 0x00000007c0000000)
  eden space 306688K, 0% used [0x000000076ab00000,0x000000076ab00000,0x000000077d680000)
  from space 8704K, 97% used [0x000000077e980000,0x000000077f1ca460,0x000000077f200000)
  to   space 12800K, 0% used [0x000000077d900000,0x000000077d900000,0x000000077e580000)
 ParOldGen       total 131584K, used 15889K [0x00000006c0000000, 0x00000006c8080000, 0x000000076ab00000)
  object space 131584K, 12% used [0x00000006c0000000,0x00000006c0f84420,0x00000006c8080000)
 Metaspace       used 44364K, capacity 46002K, committed 46080K, reserved 1089536K
  class space    used 5776K, capacity 6122K, committed 6144K, reserved 1048576K
}
Event: 33.909 GC heap before
{Heap before GC invocations=11 (full 2):
 PSYoungGen      total 315392K, used 315177K [0x000000076ab00000, 0x000000077f200000, 0x00000007c0000000)
  eden space 306688K, 100% used [0x000000076ab00000,0x000000077d680000,0x000000077d680000)
  from space 8704K, 97% used [0x000000077e980000,0x000000077f1ca460,0x000000077f200000)
  to   space 12800K, 0% used [0x000000077d900000,0x000000077d900000,0x000000077e580000)
 ParOldGen       total 131584K, used 15892K [0x00000006c0000000, 0x00000006c8080000, 0x000000076ab00000)
  object space 131584K, 12% used [0x00000006c0000000,0x00000006c0f85238,0x00000006c8080000)
 Metaspace       used 50864K, capacity 53346K, committed 53504K, reserved 1095680K
  class space    used 6605K, capacity 7158K, committed 7168K, reserved 1048576K
Event: 33.928 GC heap after
Heap after GC invocations=11 (full 2):
 PSYoungGen      total 322048K, used 12796K [0x000000076ab00000, 0x0000000788480000, 0x00000007c0000000)
  eden space 309248K, 0% used [0x000000076ab00000,0x000000076ab00000,0x000000077d900000)
  from space 12800K, 99% used [0x000000077d900000,0x000000077e57f0a8,0x000000077e580000)
  to   space 19456K, 0% used [0x0000000787180000,0x0000000787180000,0x0000000788480000)
 ParOldGen       total 131584K, used 29889K [0x00000006c0000000, 0x00000006c8080000, 0x000000076ab00000)
  object space 131584K, 22% used [0x00000006c0000000,0x00000006c1d306f8,0x00000006c8080000)
 Metaspace       used 50864K, capacity 53346K, committed 53504K, reserved 1095680K
  class space    used 6605K, capacity 7158K, committed 7168K, reserved 1048576K
}
Event: 109.246 GC heap before
{Heap before GC invocations=12 (full 2):
 PSYoungGen      total 322048K, used 322044K [0x000000076ab00000, 0x0000000788480000, 0x00000007c0000000)
  eden space 309248K, 100% used [0x000000076ab00000,0x000000077d900000,0x000000077d900000)
  from space 12800K, 99% used [0x000000077d900000,0x000000077e57f0a8,0x000000077e580000)
  to   space 19456K, 0% used [0x0000000787180000,0x0000000787180000,0x0000000788480000)
 ParOldGen       total 131584K, used 29889K [0x00000006c0000000, 0x00000006c8080000, 0x000000076ab00000)
  object space 131584K, 22% used [0x00000006c0000000,0x00000006c1d306f8,0x00000006c8080000)
 Metaspace       used 55325K, capacity 58294K, committed 58368K, reserved 1099776K
  class space    used 7235K, capacity 7868K, committed 7936K, reserved 1048576K
Event: 109.268 GC heap after
Heap after GC invocations=12 (full 2):
 PSYoungGen      total 458240K, used 19453K [0x000000076ab00000, 0x0000000788980000, 0x00000007c0000000)
  eden space 438784K, 0% used [0x000000076ab00000,0x000000076ab00000,0x0000000785780000)
  from space 19456K, 99% used [0x0000000787180000,0x000000078847f558,0x0000000788480000)
  to   space 25600K, 0% used [0x0000000785780000,0x0000000785780000,0x0000000787080000)
 ParOldGen       total 131584K, used 39980K [0x00000006c0000000, 0x00000006c8080000, 0x000000076ab00000)
  object space 131584K, 30% used [0x00000006c0000000,0x00000006c270b098,0x00000006c8080000)
 Metaspace       used 55325K, capacity 58294K, committed 58368K, reserved 1099776K
  class space    used 7235K, capacity 7868K, committed 7936K, reserved 1048576K
}
Event: 236.535 GC heap before
{Heap before GC invocations=13 (full 2):
 PSYoungGen      total 458240K, used 458237K [0x000000076ab00000, 0x0000000788980000, 0x00000007c0000000)
  eden space 438784K, 100% used [0x000000076ab00000,0x0000000785780000,0x0000000785780000)
  from space 19456K, 99% used [0x0000000787180000,0x000000078847f558,0x0000000788480000)
  to   space 25600K, 0% used [0x0000000785780000,0x0000000785780000,0x0000000787080000)
 ParOldGen       total 131584K, used 39980K [0x00000006c0000000, 0x00000006c8080000, 0x000000076ab00000)
  object space 131584K, 30% used [0x00000006c0000000,0x00000006c270b098,0x00000006c8080000)
 Metaspace       used 56206K, capacity 59378K, committed 59392K, reserved 1101824K
  class space    used 7278K, capacity 7933K, committed 7936K, reserved 1048576K
Event: 236.554 GC heap after
Heap after GC invocations=13 (full 2):
 PSYoungGen      total 464384K, used 10714K [0x000000076ab00000, 0x0000000792a80000, 0x00000007c0000000)
  eden space 438784K, 0% used [0x000000076ab00000,0x000000076ab00000,0x0000000785780000)
  from space 25600K, 41% used [0x0000000785780000,0x00000007861f6820,0x0000000787080000)
  to   space 24576K, 0% used [0x0000000791280000,0x0000000791280000,0x0000000792a80000)
 ParOldGen       total 131584K, used 58773K [0x00000006c0000000, 0x00000006c8080000, 0x000000076ab00000)
  object space 131584K, 44% used [0x00000006c0000000,0x00000006c3965700,0x00000006c8080000)
 Metaspace       used 56206K, capacity 59378K, committed 59392K, reserved 1101824K
  class space    used 7278K, capacity 7933K, committed 7936K, reserved 1048576K
}
Event: 371.107 GC heap before
{Heap before GC invocations=14 (full 2):
 PSYoungGen      total 464384K, used 449498K [0x000000076ab00000, 0x0000000792a80000, 0x00000007c0000000)
  eden space 438784K, 100% used [0x000000076ab00000,0x0000000785780000,0x0000000785780000)
  from space 25600K, 41% used [0x0000000785780000,0x00000007861f6820,0x0000000787080000)
  to   space 24576K, 0% used [0x0000000791280000,0x0000000791280000,0x0000000792a80000)
 ParOldGen       total 131584K, used 58773K [0x00000006c0000000, 0x00000006c8080000, 0x000000076ab00000)
  object space 131584K, 44% used [0x00000006c0000000,0x00000006c3965700,0x00000006c8080000)
 Metaspace       used 56574K, capacity 59704K, committed 59904K, reserved 1101824K
  class space    used 7281K, capacity 7934K, committed 7936K, reserved 1048576K
Event: 371.118 GC heap after
Heap after GC invocations=14 (full 2):
 PSYoungGen      total 595456K, used 7265K [0x000000076ab00000, 0x0000000791a00000, 0x00000007c0000000)
  eden space 587776K, 0% used [0x000000076ab00000,0x000000076ab00000,0x000000078e900000)
  from space 7680K, 94% used [0x0000000791280000,0x0000000791998440,0x0000000791a00000)
  to   space 24576K, 0% used [0x000000078ea00000,0x000000078ea00000,0x0000000790200000)
 ParOldGen       total 131584K, used 63338K [0x00000006c0000000, 0x00000006c8080000, 0x000000076ab00000)
  object space 131584K, 48% used [0x00000006c0000000,0x00000006c3ddaa98,0x00000006c8080000)
 Metaspace       used 56574K, capacity 59704K, committed 59904K, reserved 1101824K
  class space    used 7281K, capacity 7934K, committed 7936K, reserved 1048576K
}

